c:\users\admin\documents\github\mr.gimmick\mr.gimmick\mr.gimmick\debug\trigger.obj
c:\users\admin\documents\github\mr.gimmick\mr.gimmick\mr.gimmick\debug\textures.obj
c:\users\admin\documents\github\mr.gimmick\mr.gimmick\mr.gimmick\debug\sprite.obj
c:\users\admin\documents\github\mr.gimmick\mr.gimmick\mr.gimmick\debug\rect.obj
c:\users\admin\documents\github\mr.gimmick\mr.gimmick\mr.gimmick\debug\quadtree.obj
c:\users\admin\documents\github\mr.gimmick\mr.gimmick\mr.gimmick\debug\point.obj
c:\users\admin\documents\github\mr.gimmick\mr.gimmick\mr.gimmick\debug\nakiri.obj
c:\users\admin\documents\github\mr.gimmick\mr.gimmick\mr.gimmick\debug\main.obj
c:\users\admin\documents\github\mr.gimmick\mr.gimmick\mr.gimmick\debug\line.obj
c:\users\admin\documents\github\mr.gimmick\mr.gimmick\mr.gimmick\debug\gameobject.obj
c:\users\admin\documents\github\mr.gimmick\mr.gimmick\mr.gimmick\debug\game.obj
c:\users\admin\documents\github\mr.gimmick\mr.gimmick\mr.gimmick\debug\brick.obj
c:\users\admin\documents\github\mr.gimmick\mr.gimmick\mr.gimmick\debug\trap.obj
c:\users\admin\documents\github\mr.gimmick\mr.gimmick\mr.gimmick\debug\vc142.pdb
c:\users\admin\documents\github\mr.gimmick\mr.gimmick\debug\mr.gimmick.exe
c:\users\admin\documents\github\mr.gimmick\mr.gimmick\debug\mr.gimmick.ilk
c:\users\admin\documents\github\mr.gimmick\mr.gimmick\debug\mr.gimmick.pdb
c:\users\admin\documents\github\mr.gimmick\mr.gimmick\mr.gimmick\debug\vc142.idb
c:\users\admin\documents\github\mr.gimmick\mr.gimmick\mr.gimmick\debug\mr.gimmick.tlog\cl.command.1.tlog
c:\users\admin\documents\github\mr.gimmick\mr.gimmick\mr.gimmick\debug\mr.gimmick.tlog\cl.read.1.tlog
c:\users\admin\documents\github\mr.gimmick\mr.gimmick\mr.gimmick\debug\mr.gimmick.tlog\cl.write.1.tlog
c:\users\admin\documents\github\mr.gimmick\mr.gimmick\mr.gimmick\debug\mr.gimmick.tlog\link.command.1.tlog
c:\users\admin\documents\github\mr.gimmick\mr.gimmick\mr.gimmick\debug\mr.gimmick.tlog\link.read.1.tlog
c:\users\admin\documents\github\mr.gimmick\mr.gimmick\mr.gimmick\debug\mr.gimmick.tlog\link.write.1.tlog
